# Logfile created on 2014-01-30 12:36:18 -0500 by logger.rb/31641
I, [2014-01-30T12:36:18.262128 #497629]  INFO -- : 0:  addressable (2.3.5) from /var/lib/stickshift/52e88e805004460d6e0000a4/app-root/data/lib/ruby/gems/specifications/addressable-2.3.5.gemspec
I, [2014-01-30T12:36:20.244342 #497629]  INFO -- : 0:  daemons (1.1.9) from /var/lib/stickshift/52e88e805004460d6e0000a4/app-root/data/lib/ruby/gems/specifications/daemons-1.1.9.gemspec
I, [2014-01-30T12:38:44.248649 #497629]  INFO -- : 0:  eventmachine (1.0.3) from /var/lib/stickshift/52e88e805004460d6e0000a4/app-root/data/lib/ruby/gems/specifications/eventmachine-1.0.3.gemspec
I, [2014-01-30T12:38:48.337098 #497629]  INFO -- : 0:  excon (0.31.0) from /var/lib/stickshift/52e88e805004460d6e0000a4/app-root/data/lib/ruby/gems/specifications/excon-0.31.0.gemspec
I, [2014-01-30T12:38:48.338188 #497629]  INFO -- : 0:  multi_json (1.8.4) from /usr/libexec/openshift/cartridges/c9-0.1/root/lib/ruby/gems/specifications/multi_json-1.8.4.gemspec
I, [2014-01-30T12:38:51.182373 #497629]  INFO -- : 0:  heroku-api (0.3.17) from /var/lib/stickshift/52e88e805004460d6e0000a4/app-root/data/lib/ruby/gems/specifications/heroku-api-0.3.17.gemspec
I, [2014-01-30T12:38:52.574384 #497629]  INFO -- : 0:  launchy (2.4.2) from /var/lib/stickshift/52e88e805004460d6e0000a4/app-root/data/lib/ruby/gems/specifications/launchy-2.4.2.gemspec
I, [2014-01-30T12:38:53.813738 #497629]  INFO -- : 0:  netrc (0.7.7) from /var/lib/stickshift/52e88e805004460d6e0000a4/app-root/data/lib/ruby/gems/specifications/netrc-0.7.7.gemspec
I, [2014-01-30T12:38:55.705371 #497629]  INFO -- : 0:  mime-types (2.1) from /var/lib/stickshift/52e88e805004460d6e0000a4/app-root/data/lib/ruby/gems/specifications/mime-types-2.1.gemspec
I, [2014-01-30T12:38:56.987527 #497629]  INFO -- : 0:  rest-client (1.6.7) from /var/lib/stickshift/52e88e805004460d6e0000a4/app-root/data/lib/ruby/gems/specifications/rest-client-1.6.7.gemspec
I, [2014-01-30T12:38:58.722394 #497629]  INFO -- : 0:  rubyzip (1.1.0) from /var/lib/stickshift/52e88e805004460d6e0000a4/app-root/data/lib/ruby/gems/specifications/rubyzip-1.1.0.gemspec
I, [2014-01-30T12:39:02.366602 #497629]  INFO -- : 0:  heroku (3.2.4) from /var/lib/stickshift/52e88e805004460d6e0000a4/app-root/data/lib/ruby/gems/specifications/heroku-3.2.4.gemspec
I, [2014-01-30T12:39:02.367770 #497629]  INFO -- : 0:  rack (1.5.2) from /usr/libexec/openshift/cartridges/c9-0.1/root/lib/ruby/gems/specifications/rack-1.5.2.gemspec
I, [2014-01-30T12:39:02.368374 #497629]  INFO -- : 0:  tilt (1.4.1) from /usr/libexec/openshift/cartridges/c9-0.1/root/lib/ruby/gems/specifications/tilt-1.4.1.gemspec
I, [2014-01-30T12:39:05.139948 #497629]  INFO -- : 0:  sinatra (1.1.0) from /var/lib/stickshift/52e88e805004460d6e0000a4/app-root/data/lib/ruby/gems/specifications/sinatra-1.1.0.gemspec
I, [2014-01-30T12:39:23.383359 #497629]  INFO -- : 0:  thin (1.2.7) from /var/lib/stickshift/52e88e805004460d6e0000a4/app-root/data/lib/ruby/gems/specifications/thin-1.2.7.gemspec
I, [2014-01-30T12:39:23.384627 #497629]  INFO -- : 0:  bundler (1.5.1) from /usr/libexec/openshift/cartridges/c9-0.1/root/lib/ruby/gems/specifications/bundler-1.5.1.gemspec
I, [2014-01-30T12:48:17.849944 #514908]  INFO -- : 0:  rack (1.5.2) from /usr/libexec/openshift/cartridges/c9-0.1/root/lib/ruby/gems/specifications/rack-1.5.2.gemspec
I, [2014-01-30T12:48:17.942938 #514908]  INFO -- : 0:  tilt (1.4.1) from /usr/libexec/openshift/cartridges/c9-0.1/root/lib/ruby/gems/specifications/tilt-1.4.1.gemspec
I, [2014-01-30T12:48:17.992955 #514908]  INFO -- : 0:  sinatra (1.1.0) from /var/lib/stickshift/52e88e805004460d6e0000a4/app-root/data/lib/ruby/gems/specifications/sinatra-1.1.0.gemspec
I, [2014-01-30T12:48:21.189896 #514908]  INFO -- : 0:  bundler (1.5.1) from /usr/libexec/openshift/cartridges/c9-0.1/root/lib/ruby/gems/specifications/bundler-1.5.1.gemspec
I, [2014-01-30T13:23:59.243181 #42169]  INFO -- : 0:  addressable (2.3.5) from /var/lib/stickshift/52e88e805004460d6e0000a4/app-root/data/lib/ruby/gems/specifications/addressable-2.3.5.gemspec
I, [2014-01-30T13:24:21.708275 #42169]  INFO -- : 0:  bcrypt-ruby (3.1.2) from /var/lib/stickshift/52e88e805004460d6e0000a4/app-root/data/lib/ruby/gems/specifications/bcrypt-ruby-3.1.2.gemspec
I, [2014-01-30T13:24:24.152430 #42169]  INFO -- : 0:  data_objects (0.10.13) from /var/lib/stickshift/52e88e805004460d6e0000a4/app-root/data/lib/ruby/gems/specifications/data_objects-0.10.13.gemspec
I, [2014-01-30T13:24:29.848001 #42169]  INFO -- : 0:  dm-core (1.2.1) from /var/lib/stickshift/52e88e805004460d6e0000a4/app-root/data/lib/ruby/gems/specifications/dm-core-1.2.1.gemspec
I, [2014-01-30T13:24:31.898161 #42169]  INFO -- : 0:  dm-aggregates (1.2.0) from /var/lib/stickshift/52e88e805004460d6e0000a4/app-root/data/lib/ruby/gems/specifications/dm-aggregates-1.2.0.gemspec
I, [2014-01-30T13:24:33.561711 #42169]  INFO -- : 0:  dm-constraints (1.2.0) from /var/lib/stickshift/52e88e805004460d6e0000a4/app-root/data/lib/ruby/gems/specifications/dm-constraints-1.2.0.gemspec
I, [2014-01-30T13:24:35.976247 #42169]  INFO -- : 0:  dm-migrations (1.2.0) from /var/lib/stickshift/52e88e805004460d6e0000a4/app-root/data/lib/ruby/gems/specifications/dm-migrations-1.2.0.gemspec
I, [2014-01-30T13:24:37.778510 #42169]  INFO -- : 0:  fastercsv (1.5.5) from /var/lib/stickshift/52e88e805004460d6e0000a4/app-root/data/lib/ruby/gems/specifications/fastercsv-1.5.5.gemspec
I, [2014-01-30T13:24:37.779740 #42169]  INFO -- : 0:  json (1.8.1) from /usr/libexec/openshift/cartridges/c9-0.1/root/lib/ruby/gems/specifications/json-1.8.1.gemspec
I, [2014-01-30T13:24:41.812865 #42169]  INFO -- : 0:  json_pure (1.8.1) from /var/lib/stickshift/52e88e805004460d6e0000a4/app-root/data/lib/ruby/gems/specifications/json_pure-1.8.1.gemspec
I, [2014-01-30T13:24:41.816071 #42169]  INFO -- : 0:  multi_json (1.8.4) from /usr/libexec/openshift/cartridges/c9-0.1/root/lib/ruby/gems/specifications/multi_json-1.8.4.gemspec
I, [2014-01-30T13:24:44.376763 #42169]  INFO -- : 0:  dm-serializer (1.2.2) from /var/lib/stickshift/52e88e805004460d6e0000a4/app-root/data/lib/ruby/gems/specifications/dm-serializer-1.2.2.gemspec
I, [2014-01-30T13:24:45.881606 #42169]  INFO -- : 0:  dm-timestamps (1.2.0) from /var/lib/stickshift/52e88e805004460d6e0000a4/app-root/data/lib/ruby/gems/specifications/dm-timestamps-1.2.0.gemspec
I, [2014-01-30T13:24:48.053904 #42169]  INFO -- : 0:  dm-transactions (1.2.0) from /var/lib/stickshift/52e88e805004460d6e0000a4/app-root/data/lib/ruby/gems/specifications/dm-transactions-1.2.0.gemspec
I, [2014-01-30T13:24:52.249463 #42169]  INFO -- : 0:  stringex (1.5.1) from /var/lib/stickshift/52e88e805004460d6e0000a4/app-root/data/lib/ruby/gems/specifications/stringex-1.5.1.gemspec
I, [2014-01-30T13:24:53.962968 #42169]  INFO -- : 0:  uuidtools (2.1.4) from /var/lib/stickshift/52e88e805004460d6e0000a4/app-root/data/lib/ruby/gems/specifications/uuidtools-2.1.4.gemspec
I, [2014-01-30T13:24:56.489630 #42169]  INFO -- : 0:  dm-types (1.2.2) from /var/lib/stickshift/52e88e805004460d6e0000a4/app-root/data/lib/ruby/gems/specifications/dm-types-1.2.2.gemspec
I, [2014-01-30T13:24:59.973932 #42169]  INFO -- : 0:  dm-validations (1.2.0) from /var/lib/stickshift/52e88e805004460d6e0000a4/app-root/data/lib/ruby/gems/specifications/dm-validations-1.2.0.gemspec
I, [2014-01-30T13:25:01.961042 #42169]  INFO -- : 0:  datamapper (1.2.0) from /var/lib/stickshift/52e88e805004460d6e0000a4/app-root/data/lib/ruby/gems/specifications/datamapper-1.2.0.gemspec
I, [2014-01-30T13:25:03.551249 #42169]  INFO -- : 0:  dm-do-adapter (1.2.0) from /var/lib/stickshift/52e88e805004460d6e0000a4/app-root/data/lib/ruby/gems/specifications/dm-do-adapter-1.2.0.gemspec
I, [2014-01-30T13:25:30.682593 #42169]  INFO -- : 0:  do_postgres (0.10.13) from /var/lib/stickshift/52e88e805004460d6e0000a4/app-root/data/lib/ruby/gems/specifications/do_postgres-0.10.13.gemspec
I, [2014-01-30T13:25:32.378918 #42169]  INFO -- : 0:  dm-postgres-adapter (1.2.0) from /var/lib/stickshift/52e88e805004460d6e0000a4/app-root/data/lib/ruby/gems/specifications/dm-postgres-adapter-1.2.0.gemspec
I, [2014-01-30T13:25:48.553970 #42169]  INFO -- : 0:  do_sqlite3 (0.10.13) from /var/lib/stickshift/52e88e805004460d6e0000a4/app-root/data/lib/ruby/gems/specifications/do_sqlite3-0.10.13.gemspec
I, [2014-01-30T13:25:50.515502 #42169]  INFO -- : 0:  dm-sqlite-adapter (1.2.0) from /var/lib/stickshift/52e88e805004460d6e0000a4/app-root/data/lib/ruby/gems/specifications/dm-sqlite-adapter-1.2.0.gemspec
I, [2014-01-30T13:25:50.518298 #42169]  INFO -- : 0:  rack (1.5.2) from /usr/libexec/openshift/cartridges/c9-0.1/root/lib/ruby/gems/specifications/rack-1.5.2.gemspec
I, [2014-01-30T13:25:50.518909 #42169]  INFO -- : 0:  tilt (1.4.1) from /usr/libexec/openshift/cartridges/c9-0.1/root/lib/ruby/gems/specifications/tilt-1.4.1.gemspec
I, [2014-01-30T13:25:50.519496 #42169]  INFO -- : 0:  sinatra (1.1.0) from /var/lib/stickshift/52e88e805004460d6e0000a4/app-root/data/lib/ruby/gems/specifications/sinatra-1.1.0.gemspec
I, [2014-01-30T13:25:50.520321 #42169]  INFO -- : 0:  bundler (1.5.1) from /usr/libexec/openshift/cartridges/c9-0.1/root/lib/ruby/gems/specifications/bundler-1.5.1.gemspec
